<?xml version="1.0" encoding="UTF-8"?>
<!-- Generated by org.testng.reporters.JUnitReportReporter -->
<testsuite hostname="MCTest" name="com.Freestor.RestAPI.ApiTest" tests="1" failures="0" timestamp="13 Feb 2018 22:16:56 GMT" time="9.685" errors="0">
  <testcase name="apiTest" time="9.685" classname="com.Freestor.RestAPI.ApiTest"/>
</testsuite> <!-- com.Freestor.RestAPI.ApiTest -->
