<?xml version="1.0" encoding="UTF-8"?>
<!-- Generated by org.testng.reporters.JUnitReportReporter -->
<testsuite hostname="MCTest" name="com.Freestor.RestAPI.PhysicalResourcesTest" tests="1" failures="0" timestamp="22 Jan 2018 22:57:20 GMT" time="12.996" errors="0">
  <testcase name="PhysicalResources" time="12.996" classname="com.Freestor.RestAPI.PhysicalResourcesTest"/>
</testsuite> <!-- com.Freestor.RestAPI.PhysicalResourcesTest -->
