<?xml version="1.0" encoding="UTF-8"?>
<!-- Generated by org.testng.reporters.JUnitReportReporter -->
<testsuite hostname="MCTest" name="com.Freestor.RestAPI.MultiTest2" tests="1" failures="0" timestamp="13 Feb 2018 22:14:42 GMT" time="14.599" errors="0">
  <testcase name="apiTest" time="14.599" classname="com.Freestor.RestAPI.MultiTest2"/>
</testsuite> <!-- com.Freestor.RestAPI.MultiTest2 -->
