<?xml version="1.0" encoding="UTF-8"?>
<!-- Generated by org.testng.reporters.JUnitReportReporter -->
<testsuite hostname="MCTest" name="com.Freestor.RestAPI.MultiTest" tests="1" failures="0" timestamp="13 Feb 2018 20:22:48 GMT" time="39.063" errors="0">
  <testcase name="apiTest" time="39.063" classname="com.Freestor.RestAPI.MultiTest"/>
</testsuite> <!-- com.Freestor.RestAPI.MultiTest -->
