<?xml version="1.0" encoding="UTF-8"?>
<!-- Generated by org.testng.reporters.JUnitReportReporter -->
<testsuite hostname="MCTest" name="com.Freestor.RestAPI.ApiTest" tests="1" failures="0" timestamp="18 Jan 2018 19:24:24 GMT" time="11.208" errors="0">
  <testcase name="replicationStatus" time="11.208" classname="com.Freestor.RestAPI.ApiTest"/>
</testsuite> <!-- com.Freestor.RestAPI.ApiTest -->
