<?xml version="1.0" encoding="UTF-8"?>
<!-- Generated by org.testng.reporters.JUnitReportReporter -->
<testsuite hostname="MCTest" name="com.Freestor.RestAPI.ApiTest" tests="1" failures="0" timestamp="18 Jan 2018 23:47:27 GMT" time="10.091" errors="0">
  <testcase name="apiTest" time="10.091" classname="com.Freestor.RestAPI.ApiTest"/>
</testsuite> <!-- com.Freestor.RestAPI.ApiTest -->
